<?xml version="1.0" encoding="UTF-8"?>
<!-- Generated by org.testng.reporters.JUnitReportReporter -->
<testsuite skipped="0" hostname="DESKTOP-0AA0O4F" name="com.selenium.coding.Run" tests="1" failures="0" timestamp="14 May 2019 04:34:41 GMT" time="9.723" errors="0">
  <testcase name="get" time="9.723" classname="com.selenium.coding.Run"/>
</testsuite> <!-- com.selenium.coding.Run -->
